#! c:/iverilog-x64/bin/vvp
:ivl_version "10.1 (stable)" "(v10_1_1)";
:ivl_delay_selection "TYPICAL";
:vpi_time_precision - 10;
:vpi_module "system";
:vpi_module "vhdl_sys";
:vpi_module "v2005_math";
:vpi_module "va_math";
S_00000000026caf10 .scope module, "Testbench" "Testbench" 2 4;
 .timescale -9 -10;
v000000000277b330_0 .var "clk", 0 0;
v000000000277b790_0 .net "done", 1 0, L_00000000027d4b40;  1 drivers
v000000000277a6b0_0 .var "preset", 0 0;
S_00000000026cb090 .scope module, "proc_u" "Processor" 2 9, 3 11 0, S_00000000026caf10;
 .timescale 0 0;
    .port_info 0 /OUTPUT 2 "done"
    .port_info 1 /INPUT 1 "preset"
    .port_info 2 /INPUT 1 "clk"
L_000000000270edb0 .functor NOT 1, v000000000277b330_0, C4<0>, C4<0>, C4<0>;
L_000000000270e020 .functor NOT 1, v000000000277b330_0, C4<0>, C4<0>, C4<0>;
L_000000000275a1c0 .functor NOT 1, v000000000277b330_0, C4<0>, C4<0>, C4<0>;
L_000000000275ae70 .functor NOT 1, v000000000277b330_0, C4<0>, C4<0>, C4<0>;
v0000000002756750_0 .net *"_s21", 0 0, L_00000000027d4640;  1 drivers
v0000000002756c50_0 .net *"_s23", 0 0, L_00000000027d4960;  1 drivers
v000000000277bab0_0 .net *"_s27", 0 0, L_00000000027d4a00;  1 drivers
v000000000277a610_0 .net *"_s29", 0 0, L_00000000027d5b80;  1 drivers
v000000000277b290_0 .net "addr0", 4 0, v0000000002755490_0;  1 drivers
v000000000277ae30_0 .net "addr1", 4 0, L_000000000270e6b0;  1 drivers
v000000000277bbf0_0 .net "clk", 0 0, v000000000277b330_0;  1 drivers
v000000000277a1b0_0 .net "ctrlword_d", 3 0, v00000000026f0fe0_0;  1 drivers
v000000000277bc90_0 .net "ctrlword_g0", 2 0, L_000000000275a690;  1 drivers
v000000000277bd30_0 .net "ctrlword_g1", 2 0, L_000000000270ebf0;  1 drivers
v000000000277ad90_0 .net "data0", 15 0, L_000000000270dfb0;  1 drivers
v000000000277b3d0_0 .net "data1", 15 0, L_000000000270e720;  1 drivers
v000000000277be70_0 .net "done", 1 0, L_00000000027d4b40;  alias, 1 drivers
v000000000277bf10_0 .net "operand0", 15 0, v00000000027546a0_0;  1 drivers
v000000000277b970_0 .net "operand1", 15 0, v0000000002754740_0;  1 drivers
v000000000277bdd0_0 .net "preset", 0 0, v000000000277a6b0_0;  1 drivers
v000000000277b8d0_0 .net "proc_status", 8 0, L_00000000027d45a0;  1 drivers
v000000000277a070_0 .net "res0", 15 0, L_000000000275ae00;  1 drivers
v000000000277b6f0_0 .net "res1", 15 0, L_000000000275a380;  1 drivers
L_000000000277b1f0 .part L_00000000027d45a0, 0, 6;
L_000000000277b010 .part v00000000026f0fe0_0, 1, 3;
L_000000000277abb0 .part v00000000026f0fe0_0, 0, 1;
L_00000000027d4640 .part L_00000000027d45a0, 8, 1;
L_00000000027d4960 .part L_00000000027d45a0, 7, 1;
L_00000000027d55e0 .concat [ 1 1 0 0], L_00000000027d4960, L_00000000027d4640;
L_00000000027d4a00 .part L_00000000027d45a0, 8, 1;
L_00000000027d5b80 .part L_00000000027d45a0, 6, 1;
L_00000000027d50e0 .concat [ 1 1 0 0], L_00000000027d5b80, L_00000000027d4a00;
LS_00000000027d45a0_0_0 .concat8 [ 1 1 1 1], L_000000000270ee20, L_000000000270e800, v0000000002755ad0_0, v0000000002755a30_0;
LS_00000000027d45a0_0_4 .concat8 [ 1 1 1 1], L_000000000277ac50, L_000000000277ab10, v0000000002756250_0, v00000000027566b0_0;
LS_00000000027d45a0_0_8 .concat8 [ 1 0 0 0], L_000000000277a2f0;
L_00000000027d45a0 .concat8 [ 4 4 1 0], LS_00000000027d45a0_0_0, LS_00000000027d45a0_0_4, LS_00000000027d45a0_0_8;
L_00000000027d4b40 .concat8 [ 1 1 0 0], L_00000000027d5cc0, L_00000000027d5540;
S_00000000026c4bb0 .scope module, "ctrl_d0" "DataControlUnit" 3 27, 4 7 0, S_00000000026cb090;
 .timescale 0 0;
    .port_info 0 /INPUT 6 "status"
    .port_info 1 /OUTPUT 4 "ctrlword"
    .port_info 2 /INPUT 1 "preset"
    .port_info 3 /INPUT 1 "clk"
L_000000000270ecd0 .functor OR 1, L_000000000277b5b0, L_000000000277a110, C4<0>, C4<0>;
L_000000000270e560 .functor OR 1, L_000000000270ecd0, L_000000000277b510, C4<0>, C4<0>;
L_000000000270e250 .functor OR 1, L_000000000270e560, L_000000000277bb50, C4<0>, C4<0>;
L_000000000270e5d0 .functor NOT 1, L_000000000270e250, C4<0>, C4<0>, C4<0>;
L_000000000270e100 .functor OR 1, L_000000000277a430, L_000000000277a250, C4<0>, C4<0>;
L_000000000270e8e0 .functor OR 1, L_000000000270e100, L_000000000277b650, C4<0>, C4<0>;
L_000000000270e2c0 .functor OR 1, L_000000000270e8e0, L_000000000277aed0, C4<0>, C4<0>;
v00000000026fe0b0_0 .net *"_s10", 0 0, L_000000000270e560;  1 drivers
v00000000026fd570_0 .net *"_s13", 0 0, L_000000000277bb50;  1 drivers
v00000000026fca30_0 .net *"_s14", 0 0, L_000000000270e250;  1 drivers
v00000000026fdbb0_0 .net *"_s16", 0 0, L_000000000270e5d0;  1 drivers
v00000000026fda70_0 .net *"_s22", 0 0, L_000000000277a430;  1 drivers
v00000000026fdc50_0 .net *"_s24", 0 0, L_000000000277a250;  1 drivers
v00000000026fcfd0_0 .net *"_s25", 0 0, L_000000000270e100;  1 drivers
v00000000026fcad0_0 .net *"_s28", 0 0, L_000000000277b650;  1 drivers
v00000000026fcb70_0 .net *"_s29", 0 0, L_000000000270e8e0;  1 drivers
v00000000026fc490_0 .net *"_s3", 0 0, L_000000000277b5b0;  1 drivers
v00000000026fc670_0 .net *"_s32", 0 0, L_000000000277aed0;  1 drivers
v00000000026fcc10_0 .net *"_s33", 0 0, L_000000000270e2c0;  1 drivers
v00000000026fccb0_0 .net *"_s5", 0 0, L_000000000277a110;  1 drivers
v00000000026fcdf0_0 .net *"_s6", 0 0, L_000000000270ecd0;  1 drivers
v00000000026f09a0_0 .net *"_s9", 0 0, L_000000000277b510;  1 drivers
v00000000026f0400_0 .net "clk", 0 0, v000000000277b330_0;  alias, 1 drivers
v00000000026f0fe0_0 .var "ctrlword", 3 0;
v00000000026f04a0_0 .net "nextstate", 1 0, L_000000000277b470;  1 drivers
v00000000026f0540_0 .net "preset", 0 0, v000000000277a6b0_0;  alias, 1 drivers
v00000000026f07c0_0 .var "state", 1 0;
v00000000026e4610_0 .net "status", 5 0, L_000000000277b1f0;  1 drivers
E_0000000002704570 .event edge, v00000000026e4610_0, v00000000026f07c0_0;
E_00000000027045b0 .event posedge, v00000000026f0400_0;
L_000000000277b5b0 .part L_000000000277b1f0, 5, 1;
L_000000000277a110 .part L_000000000277b1f0, 4, 1;
L_000000000277b510 .part L_000000000277b1f0, 3, 1;
L_000000000277bb50 .part L_000000000277b1f0, 2, 1;
L_000000000277b470 .concat8 [ 1 1 0 0], L_000000000270e5d0, L_000000000270e2c0;
L_000000000277a430 .part L_000000000277b1f0, 5, 1;
L_000000000277a250 .part L_000000000277b1f0, 4, 1;
L_000000000277b650 .part L_000000000277b1f0, 3, 1;
L_000000000277aed0 .part L_000000000277b1f0, 2, 1;
S_00000000026c04f0 .scope module, "ctrl_g0" "GaussControlUnit" 3 71, 5 4 0, S_00000000026cb090;
 .timescale 0 0;
    .port_info 0 /INPUT 2 "status"
    .port_info 1 /OUTPUT 3 "ctrlword"
    .port_info 2 /INPUT 1 "preset"
    .port_info 3 /INPUT 1 "clk"
L_000000000270ed40 .functor NOT 1, L_00000000027d4f00, C4<0>, C4<0>, C4<0>;
L_000000000270eb80 .functor NOT 1, L_00000000027d5d60, C4<0>, C4<0>, C4<0>;
L_00000000026b0660 .functor AND 1, L_00000000027d4140, L_000000000270eb80, C4<1>, C4<1>;
L_000000000275a3f0 .functor OR 1, L_000000000270ed40, L_00000000026b0660, C4<0>, C4<0>;
L_000000000275a2a0 .functor NOT 1, L_00000000027d5040, C4<0>, C4<0>, C4<0>;
L_000000000275acb0 .functor AND 1, L_00000000027d5220, L_000000000275a2a0, C4<1>, C4<1>;
L_000000000275ad90 .functor OR 1, L_000000000275a3f0, L_000000000275acb0, C4<0>, C4<0>;
L_000000000275ac40 .functor AND 1, L_00000000027d4aa0, L_00000000027d5860, C4<1>, C4<1>;
L_000000000275a770 .functor AND 1, L_00000000027d48c0, L_00000000027d4be0, C4<1>, C4<1>;
L_000000000275a150 .functor OR 1, L_000000000275ac40, L_000000000275a770, C4<0>, C4<0>;
L_000000000275ad20 .functor AND 1, L_00000000027d5a40, L_000000000275a150, C4<1>, C4<1>;
L_000000000275a310 .functor AND 1, L_00000000027d52c0, L_00000000027d5360, C4<1>, C4<1>;
L_000000000275a690 .functor BUFZ 3, v00000000027510b0_0, C4<000>, C4<000>, C4<000>;
v0000000002751b50_0 .net *"_s10", 0 0, L_000000000270eb80;  1 drivers
v0000000002751d30_0 .net *"_s12", 0 0, L_00000000026b0660;  1 drivers
v0000000002751dd0_0 .net *"_s14", 0 0, L_000000000275a3f0;  1 drivers
v00000000027515b0_0 .net *"_s17", 0 0, L_00000000027d5220;  1 drivers
v0000000002750e30_0 .net *"_s19", 0 0, L_00000000027d5040;  1 drivers
v0000000002751e70_0 .net *"_s20", 0 0, L_000000000275a2a0;  1 drivers
v0000000002752a50_0 .net *"_s22", 0 0, L_000000000275acb0;  1 drivers
v0000000002751010_0 .net *"_s24", 0 0, L_000000000275ad90;  1 drivers
v0000000002751f10_0 .net *"_s29", 0 0, L_00000000027d5a40;  1 drivers
v0000000002750ed0_0 .net *"_s3", 0 0, L_00000000027d4f00;  1 drivers
v0000000002751510_0 .net *"_s31", 0 0, L_00000000027d4aa0;  1 drivers
v0000000002752370_0 .net *"_s33", 0 0, L_00000000027d5860;  1 drivers
v0000000002751650_0 .net *"_s34", 0 0, L_000000000275ac40;  1 drivers
v0000000002752af0_0 .net *"_s37", 0 0, L_00000000027d48c0;  1 drivers
v0000000002751150_0 .net *"_s39", 0 0, L_00000000027d4be0;  1 drivers
v0000000002751970_0 .net *"_s4", 0 0, L_000000000270ed40;  1 drivers
v0000000002750f70_0 .net *"_s40", 0 0, L_000000000275a770;  1 drivers
v0000000002751290_0 .net *"_s42", 0 0, L_000000000275a150;  1 drivers
v0000000002752b90_0 .net *"_s44", 0 0, L_000000000275ad20;  1 drivers
v0000000002752910_0 .net *"_s50", 0 0, L_00000000027d52c0;  1 drivers
v0000000002752c30_0 .net *"_s52", 0 0, L_00000000027d5360;  1 drivers
v00000000027511f0_0 .net *"_s53", 0 0, L_000000000275a310;  1 drivers
v0000000002752cd0_0 .net *"_s7", 0 0, L_00000000027d4140;  1 drivers
v0000000002751fb0_0 .net *"_s9", 0 0, L_00000000027d5d60;  1 drivers
v00000000027513d0_0 .net "clk", 0 0, v000000000277b330_0;  alias, 1 drivers
v0000000002752870_0 .net "ctrlword", 2 0, L_000000000275a690;  alias, 1 drivers
v00000000027529b0_0 .net "nextstate", 2 0, L_00000000027d4fa0;  1 drivers
v0000000002752050_0 .net "preset", 0 0, v000000000277a6b0_0;  alias, 1 drivers
v00000000027510b0_0 .var "state", 2 0;
v0000000002752190_0 .net "status", 1 0, L_00000000027d50e0;  1 drivers
L_00000000027d4f00 .part L_00000000027d50e0, 0, 1;
L_00000000027d4140 .part v00000000027510b0_0, 0, 1;
L_00000000027d5d60 .part L_00000000027d50e0, 0, 1;
L_00000000027d5220 .part v00000000027510b0_0, 2, 1;
L_00000000027d5040 .part L_00000000027d50e0, 0, 1;
L_00000000027d5a40 .part L_00000000027d50e0, 1, 1;
L_00000000027d4aa0 .part v00000000027510b0_0, 0, 1;
L_00000000027d5860 .part L_00000000027d50e0, 0, 1;
L_00000000027d48c0 .part v00000000027510b0_0, 2, 1;
L_00000000027d4be0 .part L_00000000027d50e0, 0, 1;
L_00000000027d4fa0 .concat8 [ 1 1 1 0], L_000000000275ad90, L_000000000275ad20, L_000000000275a310;
L_00000000027d52c0 .part L_00000000027d50e0, 1, 1;
L_00000000027d5360 .part v00000000027510b0_0, 1, 1;
S_00000000026c0670 .scope module, "ctrl_g1" "GaussControlUnit" 3 64, 5 4 0, S_00000000026cb090;
 .timescale 0 0;
    .port_info 0 /INPUT 2 "status"
    .port_info 1 /OUTPUT 3 "ctrlword"
    .port_info 2 /INPUT 1 "preset"
    .port_info 3 /INPUT 1 "clk"
L_000000000270ea30 .functor NOT 1, L_000000000277acf0, C4<0>, C4<0>, C4<0>;
L_000000000270e090 .functor NOT 1, L_00000000027d59a0, C4<0>, C4<0>, C4<0>;
L_000000000270e170 .functor AND 1, L_000000000277b150, L_000000000270e090, C4<1>, C4<1>;
L_000000000270e790 .functor OR 1, L_000000000270ea30, L_000000000270e170, C4<0>, C4<0>;
L_000000000270e3a0 .functor NOT 1, L_00000000027d46e0, C4<0>, C4<0>, C4<0>;
L_000000000270e870 .functor AND 1, L_00000000027d5ae0, L_000000000270e3a0, C4<1>, C4<1>;
L_000000000270e1e0 .functor OR 1, L_000000000270e790, L_000000000270e870, C4<0>, C4<0>;
L_000000000270e410 .functor AND 1, L_00000000027d4820, L_00000000027d5ea0, C4<1>, C4<1>;
L_000000000270e480 .functor AND 1, L_00000000027d4e60, L_00000000027d43c0, C4<1>, C4<1>;
L_000000000270e950 .functor OR 1, L_000000000270e410, L_000000000270e480, C4<0>, C4<0>;
L_000000000270e9c0 .functor AND 1, L_00000000027d4dc0, L_000000000270e950, C4<1>, C4<1>;
L_000000000270eaa0 .functor AND 1, L_00000000027d4780, L_00000000027d5f40, C4<1>, C4<1>;
L_000000000270ebf0 .functor BUFZ 3, v0000000002754560_0, C4<000>, C4<000>, C4<000>;
v0000000002751ab0_0 .net *"_s10", 0 0, L_000000000270e090;  1 drivers
v0000000002751330_0 .net *"_s12", 0 0, L_000000000270e170;  1 drivers
v0000000002751470_0 .net *"_s14", 0 0, L_000000000270e790;  1 drivers
v00000000027516f0_0 .net *"_s17", 0 0, L_00000000027d5ae0;  1 drivers
v0000000002751bf0_0 .net *"_s19", 0 0, L_00000000027d46e0;  1 drivers
v0000000002752550_0 .net *"_s20", 0 0, L_000000000270e3a0;  1 drivers
v0000000002751790_0 .net *"_s22", 0 0, L_000000000270e870;  1 drivers
v0000000002751830_0 .net *"_s24", 0 0, L_000000000270e1e0;  1 drivers
v00000000027522d0_0 .net *"_s29", 0 0, L_00000000027d4dc0;  1 drivers
v00000000027518d0_0 .net *"_s3", 0 0, L_000000000277acf0;  1 drivers
v0000000002751a10_0 .net *"_s31", 0 0, L_00000000027d4820;  1 drivers
v0000000002751c90_0 .net *"_s33", 0 0, L_00000000027d5ea0;  1 drivers
v00000000027520f0_0 .net *"_s34", 0 0, L_000000000270e410;  1 drivers
v0000000002752410_0 .net *"_s37", 0 0, L_00000000027d4e60;  1 drivers
v00000000027524b0_0 .net *"_s39", 0 0, L_00000000027d43c0;  1 drivers
v0000000002752230_0 .net *"_s4", 0 0, L_000000000270ea30;  1 drivers
v00000000027525f0_0 .net *"_s40", 0 0, L_000000000270e480;  1 drivers
v0000000002752690_0 .net *"_s42", 0 0, L_000000000270e950;  1 drivers
v0000000002752730_0 .net *"_s44", 0 0, L_000000000270e9c0;  1 drivers
v00000000027527d0_0 .net *"_s50", 0 0, L_00000000027d4780;  1 drivers
v0000000002753e80_0 .net *"_s52", 0 0, L_00000000027d5f40;  1 drivers
v00000000027535c0_0 .net *"_s53", 0 0, L_000000000270eaa0;  1 drivers
v0000000002754c40_0 .net *"_s7", 0 0, L_000000000277b150;  1 drivers
v0000000002754600_0 .net *"_s9", 0 0, L_00000000027d59a0;  1 drivers
v0000000002753480_0 .net "clk", 0 0, v000000000277b330_0;  alias, 1 drivers
v0000000002753a20_0 .net "ctrlword", 2 0, L_000000000270ebf0;  alias, 1 drivers
v00000000027547e0_0 .net "nextstate", 2 0, L_00000000027d40a0;  1 drivers
v00000000027544c0_0 .net "preset", 0 0, v000000000277a6b0_0;  alias, 1 drivers
v0000000002754560_0 .var "state", 2 0;
v0000000002753f20_0 .net "status", 1 0, L_00000000027d55e0;  1 drivers
L_000000000277acf0 .part L_00000000027d55e0, 0, 1;
L_000000000277b150 .part v0000000002754560_0, 0, 1;
L_00000000027d59a0 .part L_00000000027d55e0, 0, 1;
L_00000000027d5ae0 .part v0000000002754560_0, 2, 1;
L_00000000027d46e0 .part L_00000000027d55e0, 0, 1;
L_00000000027d4dc0 .part L_00000000027d55e0, 1, 1;
L_00000000027d4820 .part v0000000002754560_0, 0, 1;
L_00000000027d5ea0 .part L_00000000027d55e0, 0, 1;
L_00000000027d4e60 .part v0000000002754560_0, 2, 1;
L_00000000027d43c0 .part L_00000000027d55e0, 0, 1;
L_00000000027d40a0 .concat8 [ 1 1 1 0], L_000000000270e1e0, L_000000000270e9c0, L_000000000270eaa0;
L_00000000027d4780 .part L_00000000027d55e0, 1, 1;
L_00000000027d5f40 .part v0000000002754560_0, 1, 1;
S_00000000026a6350 .scope module, "data_mem" "DataMemory" 3 43, 6 10 0, S_00000000026cb090;
 .timescale 0 0;
    .port_info 0 /INPUT 5 "addr1"
    .port_info 1 /INPUT 5 "addr0"
    .port_info 2 /OUTPUT 16 "data1"
    .port_info 3 /OUTPUT 16 "data0"
P_00000000026a6a50 .param/l "addrsize" 0 6 18, +C4<00000000000000000000000000000101>;
P_00000000026a6a88 .param/real "memdepth" 1 6 19, Cr<m4000000000000000gfc7>; value=32.0000
P_00000000026a6ac0 .param/l "wordsize" 0 6 17, +C4<00000000000000000000000000010000>;
L_000000000270e720 .functor BUFZ 16, L_000000000277a390, C4<0000000000000000>, C4<0000000000000000>, C4<0000000000000000>;
L_000000000270dfb0 .functor BUFZ 16, L_000000000277a4d0, C4<0000000000000000>, C4<0000000000000000>, C4<0000000000000000>;
v00000000027541a0_0 .net *"_s0", 15 0, L_000000000277a390;  1 drivers
v0000000002753520_0 .net *"_s10", 6 0, L_000000000277a750;  1 drivers
L_000000000277c1a0 .functor BUFT 1, C4<00>, C4<0>, C4<0>, C4<0>;
v00000000027538e0_0 .net *"_s13", 1 0, L_000000000277c1a0;  1 drivers
v0000000002753660_0 .net *"_s2", 6 0, L_000000000277a890;  1 drivers
L_000000000277c158 .functor BUFT 1, C4<00>, C4<0>, C4<0>, C4<0>;
v0000000002753ac0_0 .net *"_s5", 1 0, L_000000000277c158;  1 drivers
v0000000002753340_0 .net *"_s8", 15 0, L_000000000277a4d0;  1 drivers
v0000000002753c00_0 .net "addr0", 4 0, v0000000002755490_0;  alias, 1 drivers
v0000000002754ce0_0 .net "addr1", 4 0, L_000000000270e6b0;  alias, 1 drivers
v0000000002753980_0 .net "data0", 15 0, L_000000000270dfb0;  alias, 1 drivers
v0000000002753b60_0 .net "data1", 15 0, L_000000000270e720;  alias, 1 drivers
v0000000002754380 .array "memory", 0 32, 15 0;
L_000000000277a390 .array/port v0000000002754380, L_000000000277a890;
L_000000000277a890 .concat [ 5 2 0 0], L_000000000270e6b0, L_000000000277c158;
L_000000000277a4d0 .array/port v0000000002754380, L_000000000277a750;
L_000000000277a750 .concat [ 5 2 0 0], v0000000002755490_0, L_000000000277c1a0;
S_00000000026ae6f0 .scope module, "dispatcher_u" "Dispatcher" 3 50, 7 9 0, S_00000000026cb090;
 .timescale 0 0;
    .port_info 0 /INPUT 16 "data0"
    .port_info 1 /INPUT 16 "data1"
    .port_info 2 /OUTPUT 16 "operand0"
    .port_info 3 /OUTPUT 16 "operand1"
    .port_info 4 /INPUT 1 "selpath"
    .port_info 5 /OUTPUT 1 "zer1"
    .port_info 6 /OUTPUT 1 "zer0"
    .port_info 7 /OUTPUT 1 "path1"
    .port_info 8 /OUTPUT 1 "path0"
    .port_info 9 /INPUT 1 "preset"
    .port_info 10 /INPUT 1 "clk"
P_0000000002704630 .param/l "width" 0 7 23, +C4<00000000000000000000000000010000>;
L_000000000270ee20 .functor BUFZ 1, v0000000002754100_0, C4<0>, C4<0>, C4<0>;
L_000000000270e800 .functor NOT 1, v0000000002754100_0, C4<0>, C4<0>, C4<0>;
v0000000002753020_0 .net *"_s0", 31 0, L_000000000277ba10;  1 drivers
L_000000000277c2c0 .functor BUFT 1, C4<00>, C4<0>, C4<0>, C4<0>;
v0000000002753de0_0 .net/2s *"_s10", 1 0, L_000000000277c2c0;  1 drivers
v0000000002754b00_0 .net *"_s12", 1 0, L_000000000277a7f0;  1 drivers
v0000000002752f80_0 .net *"_s16", 31 0, L_000000000277a9d0;  1 drivers
L_000000000277c308 .functor BUFT 1, C4<0000000000000000>, C4<0>, C4<0>, C4<0>;
v0000000002753ca0_0 .net *"_s19", 15 0, L_000000000277c308;  1 drivers
L_000000000277c350 .functor BUFT 1, C4<00000000000000000000000000000000>, C4<0>, C4<0>, C4<0>;
v0000000002752e40_0 .net/2u *"_s20", 31 0, L_000000000277c350;  1 drivers
v0000000002753700_0 .net *"_s22", 0 0, L_000000000277b0b0;  1 drivers
L_000000000277c398 .functor BUFT 1, C4<01>, C4<0>, C4<0>, C4<0>;
v00000000027537a0_0 .net/2s *"_s24", 1 0, L_000000000277c398;  1 drivers
L_000000000277c3e0 .functor BUFT 1, C4<00>, C4<0>, C4<0>, C4<0>;
v0000000002753d40_0 .net/2s *"_s26", 1 0, L_000000000277c3e0;  1 drivers
v0000000002754a60_0 .net *"_s28", 1 0, L_000000000277aa70;  1 drivers
L_000000000277c1e8 .functor BUFT 1, C4<0000000000000000>, C4<0>, C4<0>, C4<0>;
v00000000027530c0_0 .net *"_s3", 15 0, L_000000000277c1e8;  1 drivers
L_000000000277c230 .functor BUFT 1, C4<00000000000000000000000000000000>, C4<0>, C4<0>, C4<0>;
v0000000002753fc0_0 .net/2u *"_s4", 31 0, L_000000000277c230;  1 drivers
v0000000002752ee0_0 .net *"_s6", 0 0, L_000000000277a570;  1 drivers
L_000000000277c278 .functor BUFT 1, C4<01>, C4<0>, C4<0>, C4<0>;
v0000000002754880_0 .net/2s *"_s8", 1 0, L_000000000277c278;  1 drivers
v0000000002754ba0_0 .net "clk", 0 0, L_000000000270e020;  1 drivers
v0000000002754420_0 .net "data0", 15 0, L_000000000270dfb0;  alias, 1 drivers
v0000000002754060_0 .net "data1", 15 0, L_000000000270e720;  alias, 1 drivers
v00000000027546a0_0 .var "operand0", 15 0;
v0000000002754740_0 .var "operand1", 15 0;
v0000000002754100_0 .var "path", 0 0;
v0000000002754240_0 .net "path0", 0 0, L_000000000270ee20;  1 drivers
v0000000002754920_0 .net "path1", 0 0, L_000000000270e800;  1 drivers
v00000000027542e0_0 .net "preset", 0 0, v000000000277a6b0_0;  alias, 1 drivers
v00000000027549c0_0 .net "selpath", 0 0, L_000000000277abb0;  1 drivers
v0000000002753160_0 .net "zer0", 0 0, L_000000000277ac50;  1 drivers
v0000000002753200_0 .net "zer1", 0 0, L_000000000277ab10;  1 drivers
E_0000000002703ef0 .event posedge, v0000000002754ba0_0;
E_0000000002704730 .event edge, v00000000027549c0_0, v0000000002753b60_0, v0000000002753980_0;
L_000000000277ba10 .concat [ 16 16 0 0], L_000000000270dfb0, L_000000000277c1e8;
L_000000000277a570 .cmp/eq 32, L_000000000277ba10, L_000000000277c230;
L_000000000277a7f0 .functor MUXZ 2, L_000000000277c2c0, L_000000000277c278, L_000000000277a570, C4<>;
L_000000000277ac50 .part L_000000000277a7f0, 0, 1;
L_000000000277a9d0 .concat [ 16 16 0 0], L_000000000270e720, L_000000000277c308;
L_000000000277b0b0 .cmp/eq 32, L_000000000277a9d0, L_000000000277c350;
L_000000000277aa70 .functor MUXZ 2, L_000000000277c3e0, L_000000000277c398, L_000000000277b0b0, C4<>;
L_000000000277ab10 .part L_000000000277aa70, 0, 1;
S_00000000026ae870 .scope module, "fetch_u" "FetchUnit" 3 34, 8 9 0, S_00000000026cb090;
 .timescale 0 0;
    .port_info 0 /INPUT 3 "ctrlword"
    .port_info 1 /OUTPUT 5 "addr0"
    .port_info 2 /OUTPUT 5 "addr1"
    .port_info 3 /OUTPUT 1 "ready"
    .port_info 4 /INPUT 1 "preset"
    .port_info 5 /INPUT 1 "clk"
P_0000000002704970 .param/l "addrsize" 0 8 18, +C4<00000000000000000000000000000101>;
L_000000000270e6b0 .functor BUFZ 5, v00000000027558f0_0, C4<00000>, C4<00000>, C4<00000>;
v00000000027532a0_0 .net *"_s10", 0 0, L_000000000277b830;  1 drivers
L_000000000277c0c8 .functor BUFT 1, C4<01>, C4<0>, C4<0>, C4<0>;
v00000000027533e0_0 .net/2s *"_s12", 1 0, L_000000000277c0c8;  1 drivers
L_000000000277c110 .functor BUFT 1, C4<00>, C4<0>, C4<0>, C4<0>;
v0000000002753840_0 .net/2s *"_s14", 1 0, L_000000000277c110;  1 drivers
v0000000002755fd0_0 .net *"_s16", 1 0, L_000000000277af70;  1 drivers
v00000000027564d0_0 .net *"_s4", 31 0, L_000000000277a930;  1 drivers
L_000000000277c038 .functor BUFT 1, C4<000000000000000000000000000>, C4<0>, C4<0>, C4<0>;
v0000000002755350_0 .net *"_s7", 26 0, L_000000000277c038;  1 drivers
L_000000000277c080 .functor BUFT 1, C4<00000000000000000000000000000000>, C4<0>, C4<0>, C4<0>;
v00000000027562f0_0 .net/2u *"_s8", 31 0, L_000000000277c080;  1 drivers
v0000000002756070_0 .net "addr0", 4 0, v0000000002755490_0;  alias, 1 drivers
v0000000002756390_0 .net "addr1", 4 0, L_000000000270e6b0;  alias, 1 drivers
v0000000002754f90_0 .var "bp", 4 0;
v00000000027550d0_0 .net "clk", 0 0, L_000000000270edb0;  1 drivers
v00000000027553f0_0 .net "ctrlword", 2 0, L_000000000277b010;  1 drivers
v0000000002755490_0 .var "dp0", 4 0;
v00000000027558f0_0 .var "dp1", 4 0;
v0000000002755170_0 .net "preset", 0 0, v000000000277a6b0_0;  alias, 1 drivers
v00000000027567f0_0 .net "ready", 0 0, L_000000000277a2f0;  1 drivers
v00000000027569d0_0 .var "selmuxbp", 0 0;
E_0000000002704db0 .event edge, v00000000027558f0_0, v0000000002755490_0;
E_0000000002704cf0 .event negedge, v00000000027550d0_0;
E_0000000002704bb0 .event posedge, v00000000027550d0_0;
L_000000000277a930 .concat [ 5 27 0 0], v00000000027558f0_0, L_000000000277c038;
L_000000000277b830 .cmp/gt 32, L_000000000277a930, L_000000000277c080;
L_000000000277af70 .functor MUXZ 2, L_000000000277c110, L_000000000277c0c8, L_000000000277b830, C4<>;
L_000000000277a2f0 .part L_000000000277af70, 0, 1;
S_00000000010c75c0 .scope module, "functional_u0" "Gauss" 3 89, 9 8 0, S_00000000026cb090;
 .timescale 0 0;
    .port_info 0 /INPUT 3 "ctrlword"
    .port_info 1 /INPUT 16 "data"
    .port_info 2 /OUTPUT 1 "status"
    .port_info 3 /OUTPUT 16 "result"
    .port_info 4 /OUTPUT 1 "prediction"
    .port_info 5 /OUTPUT 1 "done"
    .port_info 6 /INPUT 1 "preset"
    .port_info 7 /INPUT 1 "clk"
P_0000000002704df0 .param/l "width" 0 9 20, +C4<00000000000000000000000000010000>;
L_000000000275ae00 .functor BUFZ 16, v0000000002756430_0, C4<0000000000000000>, C4<0000000000000000>, C4<0000000000000000>;
L_000000000277c5d8 .functor BUFT 1, C4<01>, C4<0>, C4<0>, C4<0>;
v0000000002756890_0 .net/2s *"_s10", 1 0, L_000000000277c5d8;  1 drivers
L_000000000277c620 .functor BUFT 1, C4<00>, C4<0>, C4<0>, C4<0>;
v0000000002754e50_0 .net/2s *"_s12", 1 0, L_000000000277c620;  1 drivers
v0000000002756110_0 .net *"_s14", 1 0, L_00000000027d4500;  1 drivers
v00000000027561b0_0 .net *"_s2", 31 0, L_00000000027d5c20;  1 drivers
L_000000000277c548 .functor BUFT 1, C4<0000000000000000>, C4<0>, C4<0>, C4<0>;
v0000000002755990_0 .net *"_s5", 15 0, L_000000000277c548;  1 drivers
L_000000000277c590 .functor BUFT 1, C4<00000000000000000000000000000000>, C4<0>, C4<0>, C4<0>;
v0000000002755530_0 .net/2u *"_s6", 31 0, L_000000000277c590;  1 drivers
v0000000002755b70_0 .net *"_s8", 0 0, L_00000000027d4280;  1 drivers
v0000000002756430_0 .var "acum", 15 0;
v0000000002755df0_0 .net "clk", 0 0, L_000000000275ae70;  1 drivers
v00000000027555d0_0 .net "ctrlword", 2 0, L_000000000275a690;  alias, 1 drivers
v0000000002756cf0_0 .net "data", 15 0, v00000000027546a0_0;  alias, 1 drivers
v0000000002756a70_0 .net "done", 0 0, L_00000000027d5cc0;  1 drivers
v0000000002755670_0 .var "n", 15 0;
v0000000002755ad0_0 .var "prediction", 0 0;
v0000000002755cb0_0 .net "preset", 0 0, v000000000277a6b0_0;  alias, 1 drivers
v0000000002756930_0 .net "result", 15 0, L_000000000275ae00;  alias, 1 drivers
v0000000002756250_0 .var "status", 0 0;
E_0000000002704770 .event edge, v0000000002755670_0;
E_00000000027047f0 .event posedge, v0000000002755df0_0;
L_00000000027d5c20 .concat [ 16 16 0 0], v0000000002755670_0, L_000000000277c548;
L_00000000027d4280 .cmp/eq 32, L_00000000027d5c20, L_000000000277c590;
L_00000000027d4500 .functor MUXZ 2, L_000000000277c620, L_000000000277c5d8, L_00000000027d4280, C4<>;
L_00000000027d5cc0 .part L_00000000027d4500, 0, 1;
S_00000000010c7850 .scope module, "functional_u1" "Gauss" 3 78, 9 8 0, S_00000000026cb090;
 .timescale 0 0;
    .port_info 0 /INPUT 3 "ctrlword"
    .port_info 1 /INPUT 16 "data"
    .port_info 2 /OUTPUT 1 "status"
    .port_info 3 /OUTPUT 16 "result"
    .port_info 4 /OUTPUT 1 "prediction"
    .port_info 5 /OUTPUT 1 "done"
    .port_info 6 /INPUT 1 "preset"
    .port_info 7 /INPUT 1 "clk"
P_0000000002704830 .param/l "width" 0 9 20, +C4<00000000000000000000000000010000>;
L_000000000275a380 .functor BUFZ 16, v00000000027552b0_0, C4<0000000000000000>, C4<0000000000000000>, C4<0000000000000000>;
L_000000000277c4b8 .functor BUFT 1, C4<01>, C4<0>, C4<0>, C4<0>;
v0000000002756b10_0 .net/2s *"_s10", 1 0, L_000000000277c4b8;  1 drivers
L_000000000277c500 .functor BUFT 1, C4<00>, C4<0>, C4<0>, C4<0>;
v0000000002755030_0 .net/2s *"_s12", 1 0, L_000000000277c500;  1 drivers
v0000000002756570_0 .net *"_s14", 1 0, L_00000000027d5180;  1 drivers
v0000000002755210_0 .net *"_s2", 31 0, L_00000000027d41e0;  1 drivers
L_000000000277c428 .functor BUFT 1, C4<0000000000000000>, C4<0>, C4<0>, C4<0>;
v0000000002755d50_0 .net *"_s5", 15 0, L_000000000277c428;  1 drivers
L_000000000277c470 .functor BUFT 1, C4<00000000000000000000000000000000>, C4<0>, C4<0>, C4<0>;
v0000000002755710_0 .net/2u *"_s6", 31 0, L_000000000277c470;  1 drivers
v0000000002756bb0_0 .net *"_s8", 0 0, L_00000000027d5680;  1 drivers
v00000000027552b0_0 .var "acum", 15 0;
v0000000002755e90_0 .net "clk", 0 0, L_000000000275a1c0;  1 drivers
v00000000027557b0_0 .net "ctrlword", 2 0, L_000000000270ebf0;  alias, 1 drivers
v0000000002754ef0_0 .net "data", 15 0, v0000000002754740_0;  alias, 1 drivers
v0000000002755f30_0 .net "done", 0 0, L_00000000027d5540;  1 drivers
v0000000002755850_0 .var "n", 15 0;
v0000000002755a30_0 .var "prediction", 0 0;
v0000000002755c10_0 .net "preset", 0 0, v000000000277a6b0_0;  alias, 1 drivers
v0000000002756610_0 .net "result", 15 0, L_000000000275a380;  alias, 1 drivers
v00000000027566b0_0 .var "status", 0 0;
E_0000000002704c70 .event edge, v0000000002755850_0;
E_00000000027049b0 .event posedge, v0000000002755e90_0;
L_00000000027d41e0 .concat [ 16 16 0 0], v0000000002755850_0, L_000000000277c428;
L_00000000027d5680 .cmp/eq 32, L_00000000027d41e0, L_000000000277c470;
L_00000000027d5180 .functor MUXZ 2, L_000000000277c500, L_000000000277c4b8, L_00000000027d5680, C4<>;
L_00000000027d5540 .part L_00000000027d5180, 0, 1;
    .scope S_00000000026c4bb0;
T_0 ;
    %wait E_00000000027045b0;
    %load/vec4 v00000000026f0540_0;
    %flag_set/vec4 8;
    %jmp/0xz  T_0.0, 8;
    %pushi/vec4 1, 0, 2;
    %assign/vec4 v00000000026f07c0_0, 0;
    %jmp T_0.1;
T_0.0 ;
    %load/vec4 v00000000026f04a0_0;
    %assign/vec4 v00000000026f07c0_0, 0;
T_0.1 ;
    %jmp T_0;
    .thread T_0;
    .scope S_00000000026c4bb0;
T_1 ;
    %wait E_0000000002704570;
    %load/vec4 v00000000026f07c0_0;
    %load/vec4 v00000000026e4610_0;
    %concat/vec4; draw_concat_vec4
    %dup/vec4;
    %pushi/vec4 129, 0, 8;
    %cmp/u;
    %jmp/1 T_1.0, 6;
    %dup/vec4;
    %pushi/vec4 130, 0, 8;
    %cmp/u;
    %jmp/1 T_1.1, 6;
    %dup/vec4;
    %pushi/vec4 133, 0, 8;
    %cmp/u;
    %jmp/1 T_1.2, 6;
    %dup/vec4;
    %pushi/vec4 134, 0, 8;
    %cmp/u;
    %jmp/1 T_1.3, 6;
    %dup/vec4;
    %pushi/vec4 137, 0, 8;
    %cmp/u;
    %jmp/1 T_1.4, 6;
    %dup/vec4;
    %pushi/vec4 138, 0, 8;
    %cmp/u;
    %jmp/1 T_1.5, 6;
    %dup/vec4;
    %pushi/vec4 141, 0, 8;
    %cmp/u;
    %jmp/1 T_1.6, 6;
    %dup/vec4;
    %pushi/vec4 142, 0, 8;
    %cmp/u;
    %jmp/1 T_1.7, 6;
    %dup/vec4;
    %pushi/vec4 145, 0, 8;
    %cmp/u;
    %jmp/1 T_1.8, 6;
    %dup/vec4;
    %pushi/vec4 146, 0, 8;
    %cmp/u;
    %jmp/1 T_1.9, 6;
    %dup/vec4;
    %pushi/vec4 149, 0, 8;
    %cmp/u;
    %jmp/1 T_1.10, 6;
    %dup/vec4;
    %pushi/vec4 150, 0, 8;
    %cmp/u;
    %jmp/1 T_1.11, 6;
    %dup/vec4;
    %pushi/vec4 153, 0, 8;
    %cmp/u;
    %jmp/1 T_1.12, 6;
    %dup/vec4;
    %pushi/vec4 154, 0, 8;
    %cmp/u;
    %jmp/1 T_1.13, 6;
    %dup/vec4;
    %pushi/vec4 157, 0, 8;
    %cmp/u;
    %jmp/1 T_1.14, 6;
    %dup/vec4;
    %pushi/vec4 158, 0, 8;
    %cmp/u;
    %jmp/1 T_1.15, 6;
    %dup/vec4;
    %pushi/vec4 161, 0, 8;
    %cmp/u;
    %jmp/1 T_1.16, 6;
    %dup/vec4;
    %pushi/vec4 162, 0, 8;
    %cmp/u;
    %jmp/1 T_1.17, 6;
    %dup/vec4;
    %pushi/vec4 165, 0, 8;
    %cmp/u;
    %jmp/1 T_1.18, 6;
    %dup/vec4;
    %pushi/vec4 166, 0, 8;
    %cmp/u;
    %jmp/1 T_1.19, 6;
    %dup/vec4;
    %pushi/vec4 169, 0, 8;
    %cmp/u;
    %jmp/1 T_1.20, 6;
    %dup/vec4;
    %pushi/vec4 170, 0, 8;
    %cmp/u;
    %jmp/1 T_1.21, 6;
    %dup/vec4;
    %pushi/vec4 173, 0, 8;
    %cmp/u;
    %jmp/1 T_1.22, 6;
    %dup/vec4;
    %pushi/vec4 174, 0, 8;
    %cmp/u;
    %jmp/1 T_1.23, 6;
    %dup/vec4;
    %pushi/vec4 129, 0, 8;
    %cmp/u;
    %jmp/1 T_1.24, 6;
    %dup/vec4;
    %pushi/vec4 177, 0, 8;
    %cmp/u;
    %jmp/1 T_1.25, 6;
    %dup/vec4;
    %pushi/vec4 178, 0, 8;
    %cmp/u;
    %jmp/1 T_1.26, 6;
    %dup/vec4;
    %pushi/vec4 181, 0, 8;
    %cmp/u;
    %jmp/1 T_1.27, 6;
    %dup/vec4;
    %pushi/vec4 182, 0, 8;
    %cmp/u;
    %jmp/1 T_1.28, 6;
    %dup/vec4;
    %pushi/vec4 185, 0, 8;
    %cmp/u;
    %jmp/1 T_1.29, 6;
    %dup/vec4;
    %pushi/vec4 186, 0, 8;
    %cmp/u;
    %jmp/1 T_1.30, 6;
    %dup/vec4;
    %pushi/vec4 189, 0, 8;
    %cmp/u;
    %jmp/1 T_1.31, 6;
    %dup/vec4;
    %pushi/vec4 190, 0, 8;
    %cmp/u;
    %jmp/1 T_1.32, 6;
    %pushi/vec4 0, 0, 4;
    %store/vec4 v00000000026f0fe0_0, 0, 4;
    %jmp T_1.34;
T_1.0 ;
    %pushi/vec4 0, 0, 4;
    %store/vec4 v00000000026f0fe0_0, 0, 4;
    %jmp T_1.34;
T_1.1 ;
    %pushi/vec4 0, 0, 4;
    %store/vec4 v00000000026f0fe0_0, 0, 4;
    %jmp T_1.34;
T_1.2 ;
    %pushi/vec4 9, 0, 4;
    %store/vec4 v00000000026f0fe0_0, 0, 4;
    %jmp T_1.34;
T_1.3 ;
    %pushi/vec4 4, 0, 4;
    %store/vec4 v00000000026f0fe0_0, 0, 4;
    %jmp T_1.34;
T_1.4 ;
    %pushi/vec4 5, 0, 4;
    %store/vec4 v00000000026f0fe0_0, 0, 4;
    %jmp T_1.34;
T_1.5 ;
    %pushi/vec4 8, 0, 4;
    %store/vec4 v00000000026f0fe0_0, 0, 4;
    %jmp T_1.34;
T_1.6 ;
    %pushi/vec4 14, 0, 4;
    %store/vec4 v00000000026f0fe0_0, 0, 4;
    %jmp T_1.34;
T_1.7 ;
    %pushi/vec4 14, 0, 4;
    %store/vec4 v00000000026f0fe0_0, 0, 4;
    %jmp T_1.34;
T_1.8 ;
    %pushi/vec4 5, 0, 4;
    %store/vec4 v00000000026f0fe0_0, 0, 4;
    %jmp T_1.34;
T_1.9 ;
    %pushi/vec4 4, 0, 4;
    %store/vec4 v00000000026f0fe0_0, 0, 4;
    %jmp T_1.34;
T_1.10 ;
    %pushi/vec4 14, 0, 4;
    %store/vec4 v00000000026f0fe0_0, 0, 4;
    %jmp T_1.34;
T_1.11 ;
    %pushi/vec4 4, 0, 4;
    %store/vec4 v00000000026f0fe0_0, 0, 4;
    %jmp T_1.34;
T_1.12 ;
    %pushi/vec4 5, 0, 4;
    %store/vec4 v00000000026f0fe0_0, 0, 4;
    %jmp T_1.34;
T_1.13 ;
    %pushi/vec4 14, 0, 4;
    %store/vec4 v00000000026f0fe0_0, 0, 4;
    %jmp T_1.34;
T_1.14 ;
    %pushi/vec4 14, 0, 4;
    %store/vec4 v00000000026f0fe0_0, 0, 4;
    %jmp T_1.34;
T_1.15 ;
    %pushi/vec4 14, 0, 4;
    %store/vec4 v00000000026f0fe0_0, 0, 4;
    %jmp T_1.34;
T_1.16 ;
    %pushi/vec4 9, 0, 4;
    %store/vec4 v00000000026f0fe0_0, 0, 4;
    %jmp T_1.34;
T_1.17 ;
    %pushi/vec4 8, 0, 4;
    %store/vec4 v00000000026f0fe0_0, 0, 4;
    %jmp T_1.34;
T_1.18 ;
    %pushi/vec4 9, 0, 4;
    %store/vec4 v00000000026f0fe0_0, 0, 4;
    %jmp T_1.34;
T_1.19 ;
    %pushi/vec4 14, 0, 4;
    %store/vec4 v00000000026f0fe0_0, 0, 4;
    %jmp T_1.34;
T_1.20 ;
    %pushi/vec4 14, 0, 4;
    %store/vec4 v00000000026f0fe0_0, 0, 4;
    %jmp T_1.34;
T_1.21 ;
    %pushi/vec4 8, 0, 4;
    %store/vec4 v00000000026f0fe0_0, 0, 4;
    %jmp T_1.34;
T_1.22 ;
    %pushi/vec4 14, 0, 4;
    %store/vec4 v00000000026f0fe0_0, 0, 4;
    %jmp T_1.34;
T_1.23 ;
    %pushi/vec4 14, 0, 4;
    %store/vec4 v00000000026f0fe0_0, 0, 4;
    %jmp T_1.34;
T_1.24 ;
    %pushi/vec4 14, 0, 4;
    %store/vec4 v00000000026f0fe0_0, 0, 4;
    %jmp T_1.34;
T_1.25 ;
    %pushi/vec4 14, 0, 4;
    %store/vec4 v00000000026f0fe0_0, 0, 4;
    %jmp T_1.34;
T_1.26 ;
    %pushi/vec4 14, 0, 4;
    %store/vec4 v00000000026f0fe0_0, 0, 4;
    %jmp T_1.34;
T_1.27 ;
    %pushi/vec4 14, 0, 4;
    %store/vec4 v00000000026f0fe0_0, 0, 4;
    %jmp T_1.34;
T_1.28 ;
    %pushi/vec4 14, 0, 4;
    %store/vec4 v00000000026f0fe0_0, 0, 4;
    %jmp T_1.34;
T_1.29 ;
    %pushi/vec4 14, 0, 4;
    %store/vec4 v00000000026f0fe0_0, 0, 4;
    %jmp T_1.34;
T_1.30 ;
    %pushi/vec4 14, 0, 4;
    %store/vec4 v00000000026f0fe0_0, 0, 4;
    %jmp T_1.34;
T_1.31 ;
    %pushi/vec4 14, 0, 4;
    %store/vec4 v00000000026f0fe0_0, 0, 4;
    %jmp T_1.34;
T_1.32 ;
    %pushi/vec4 14, 0, 4;
    %store/vec4 v00000000026f0fe0_0, 0, 4;
    %jmp T_1.34;
T_1.34 ;
    %pop/vec4 1;
    %jmp T_1;
    .thread T_1, $push;
    .scope S_00000000026ae870;
T_2 ;
    %wait E_0000000002704bb0;
    %load/vec4 v0000000002755170_0;
    %flag_set/vec4 8;
    %jmp/0xz  T_2.0, 8;
    %pushi/vec4 0, 0, 5;
    %assign/vec4 v0000000002755490_0, 0;
    %pushi/vec4 1, 0, 5;
    %assign/vec4 v00000000027558f0_0, 0;
    %pushi/vec4 1, 0, 5;
    %assign/vec4 v0000000002754f90_0, 0;
    %jmp T_2.1;
T_2.0 ;
    %load/vec4 v00000000027553f0_0;
    %parti/s 1, 2, 3;
    %flag_set/vec4 8;
    %jmp/0xz  T_2.2, 8;
    %load/vec4 v00000000027553f0_0;
    %parti/s 1, 0, 2;
    %flag_set/vec4 8;
    %jmp/0 T_2.4, 8;
    %load/vec4 v0000000002754f90_0;
    %addi 2, 0, 5;
    %jmp/1 T_2.5, 8;
T_2.4 ; End of true expr.
    %load/vec4 v0000000002754f90_0;
    %addi 1, 0, 5;
    %jmp/0 T_2.5, 8;
 ; End of false expr.
    %blend;
T_2.5;
    %assign/vec4 v00000000027558f0_0, 0;
T_2.2 ;
    %load/vec4 v00000000027553f0_0;
    %parti/s 1, 1, 2;
    %flag_set/vec4 8;
    %jmp/0xz  T_2.6, 8;
    %load/vec4 v0000000002754f90_0;
    %addi 1, 0, 5;
    %assign/vec4 v0000000002755490_0, 0;
T_2.6 ;
T_2.1 ;
    %jmp T_2;
    .thread T_2;
    .scope S_00000000026ae870;
T_3 ;
    %wait E_0000000002704cf0;
    %load/vec4 v00000000027569d0_0;
    %flag_set/vec4 8;
    %jmp/0 T_3.0, 8;
    %load/vec4 v0000000002755490_0;
    %jmp/1 T_3.1, 8;
T_3.0 ; End of true expr.
    %load/vec4 v00000000027558f0_0;
    %jmp/0 T_3.1, 8;
 ; End of false expr.
    %blend;
T_3.1;
    %assign/vec4 v0000000002754f90_0, 0;
    %jmp T_3;
    .thread T_3;
    .scope S_00000000026ae870;
T_4 ;
    %wait E_0000000002704db0;
    %load/vec4 v00000000027558f0_0;
    %load/vec4 v0000000002755490_0;
    %cmp/u;
    %jmp/0xz  T_4.0, 5;
    %pushi/vec4 1, 0, 1;
    %store/vec4 v00000000027569d0_0, 0, 1;
    %jmp T_4.1;
T_4.0 ;
    %pushi/vec4 0, 0, 1;
    %store/vec4 v00000000027569d0_0, 0, 1;
T_4.1 ;
    %jmp T_4;
    .thread T_4, $push;
    .scope S_00000000026a6350;
T_5 ;
    %vpi_call 6 33 "$readmemh", "./FetchUnit/data.list", v0000000002754380, 32'sb00000000000000000000000000000000, 32'sb00000000000000000000000000011111 {0 0 0};
    %end;
    .thread T_5;
    .scope S_00000000026ae6f0;
T_6 ;
    %wait E_0000000002704730;
    %load/vec4 v00000000027549c0_0;
    %flag_set/vec4 8;
    %jmp/0xz  T_6.0, 8;
    %load/vec4 v0000000002754060_0;
    %store/vec4 v00000000027546a0_0, 0, 16;
    %load/vec4 v0000000002754420_0;
    %store/vec4 v0000000002754740_0, 0, 16;
    %jmp T_6.1;
T_6.0 ;
    %load/vec4 v0000000002754420_0;
    %store/vec4 v00000000027546a0_0, 0, 16;
    %load/vec4 v0000000002754060_0;
    %store/vec4 v0000000002754740_0, 0, 16;
T_6.1 ;
    %jmp T_6;
    .thread T_6, $push;
    .scope S_00000000026ae6f0;
T_7 ;
    %wait E_0000000002703ef0;
    %load/vec4 v00000000027542e0_0;
    %flag_set/vec4 8;
    %jmp/0xz  T_7.0, 8;
    %pushi/vec4 0, 0, 1;
    %assign/vec4 v0000000002754100_0, 0;
    %jmp T_7.1;
T_7.0 ;
    %load/vec4 v00000000027549c0_0;
    %assign/vec4 v0000000002754100_0, 0;
T_7.1 ;
    %jmp T_7;
    .thread T_7;
    .scope S_00000000026c0670;
T_8 ;
    %wait E_00000000027045b0;
    %load/vec4 v00000000027544c0_0;
    %flag_set/vec4 8;
    %jmp/0xz  T_8.0, 8;
    %pushi/vec4 1, 0, 3;
    %assign/vec4 v0000000002754560_0, 0;
    %jmp T_8.1;
T_8.0 ;
    %load/vec4 v00000000027547e0_0;
    %assign/vec4 v0000000002754560_0, 0;
T_8.1 ;
    %jmp T_8;
    .thread T_8;
    .scope S_00000000026c04f0;
T_9 ;
    %wait E_00000000027045b0;
    %load/vec4 v0000000002752050_0;
    %flag_set/vec4 8;
    %jmp/0xz  T_9.0, 8;
    %pushi/vec4 1, 0, 3;
    %assign/vec4 v00000000027510b0_0, 0;
    %jmp T_9.1;
T_9.0 ;
    %load/vec4 v00000000027529b0_0;
    %assign/vec4 v00000000027510b0_0, 0;
T_9.1 ;
    %jmp T_9;
    .thread T_9;
    .scope S_00000000010c7850;
T_10 ;
    %wait E_00000000027049b0;
    %load/vec4 v0000000002755c10_0;
    %flag_set/vec4 8;
    %jmp/0xz  T_10.0, 8;
    %pushi/vec4 0, 0, 16;
    %assign/vec4 v0000000002755850_0, 0;
    %pushi/vec4 0, 0, 16;
    %assign/vec4 v00000000027552b0_0, 0;
    %jmp T_10.1;
T_10.0 ;
    %load/vec4 v00000000027557b0_0;
    %dup/vec4;
    %pushi/vec4 1, 0, 3;
    %cmp/u;
    %jmp/1 T_10.2, 6;
    %dup/vec4;
    %pushi/vec4 2, 0, 3;
    %cmp/u;
    %jmp/1 T_10.3, 6;
    %dup/vec4;
    %pushi/vec4 4, 0, 3;
    %cmp/u;
    %jmp/1 T_10.4, 6;
    %jmp T_10.5;
T_10.2 ;
    %load/vec4 v0000000002754ef0_0;
    %assign/vec4 v0000000002755850_0, 0;
    %pushi/vec4 0, 0, 16;
    %assign/vec4 v00000000027552b0_0, 0;
    %jmp T_10.5;
T_10.3 ;
    %load/vec4 v00000000027552b0_0;
    %load/vec4 v0000000002755850_0;
    %add;
    %assign/vec4 v00000000027552b0_0, 0;
    %jmp T_10.5;
T_10.4 ;
    %load/vec4 v0000000002755850_0;
    %subi 1, 0, 16;
    %assign/vec4 v0000000002755850_0, 0;
    %jmp T_10.5;
T_10.5 ;
    %pop/vec4 1;
T_10.1 ;
    %jmp T_10;
    .thread T_10;
    .scope S_00000000010c7850;
T_11 ;
    %wait E_00000000027049b0;
    %load/vec4 v00000000027557b0_0;
    %parti/s 1, 1, 2;
    %load/vec4 v0000000002755850_0;
    %pad/u 32;
    %pushi/vec4 1, 0, 32;
    %cmp/e;
    %flag_get/vec4 4;
    %and;
    %flag_set/vec4 8;
    %jmp/0xz  T_11.0, 8;
    %pushi/vec4 1, 0, 1;
    %store/vec4 v0000000002755a30_0, 0, 1;
    %jmp T_11.1;
T_11.0 ;
    %pushi/vec4 0, 0, 1;
    %store/vec4 v0000000002755a30_0, 0, 1;
T_11.1 ;
    %jmp T_11;
    .thread T_11;
    .scope S_00000000010c7850;
T_12 ;
    %wait E_0000000002704c70;
    %pushi/vec4 0, 0, 32;
    %load/vec4 v0000000002755850_0;
    %pad/u 32;
    %cmp/u;
    %jmp/0xz  T_12.0, 5;
    %pushi/vec4 1, 0, 1;
    %store/vec4 v00000000027566b0_0, 0, 1;
    %jmp T_12.1;
T_12.0 ;
    %pushi/vec4 0, 0, 1;
    %store/vec4 v00000000027566b0_0, 0, 1;
T_12.1 ;
    %jmp T_12;
    .thread T_12, $push;
    .scope S_00000000010c75c0;
T_13 ;
    %wait E_00000000027047f0;
    %load/vec4 v0000000002755cb0_0;
    %flag_set/vec4 8;
    %jmp/0xz  T_13.0, 8;
    %pushi/vec4 0, 0, 16;
    %assign/vec4 v0000000002755670_0, 0;
    %pushi/vec4 0, 0, 16;
    %assign/vec4 v0000000002756430_0, 0;
    %jmp T_13.1;
T_13.0 ;
    %load/vec4 v00000000027555d0_0;
    %dup/vec4;
    %pushi/vec4 1, 0, 3;
    %cmp/u;
    %jmp/1 T_13.2, 6;
    %dup/vec4;
    %pushi/vec4 2, 0, 3;
    %cmp/u;
    %jmp/1 T_13.3, 6;
    %dup/vec4;
    %pushi/vec4 4, 0, 3;
    %cmp/u;
    %jmp/1 T_13.4, 6;
    %jmp T_13.5;
T_13.2 ;
    %load/vec4 v0000000002756cf0_0;
    %assign/vec4 v0000000002755670_0, 0;
    %pushi/vec4 0, 0, 16;
    %assign/vec4 v0000000002756430_0, 0;
    %jmp T_13.5;
T_13.3 ;
    %load/vec4 v0000000002756430_0;
    %load/vec4 v0000000002755670_0;
    %add;
    %assign/vec4 v0000000002756430_0, 0;
    %jmp T_13.5;
T_13.4 ;
    %load/vec4 v0000000002755670_0;
    %subi 1, 0, 16;
    %assign/vec4 v0000000002755670_0, 0;
    %jmp T_13.5;
T_13.5 ;
    %pop/vec4 1;
T_13.1 ;
    %jmp T_13;
    .thread T_13;
    .scope S_00000000010c75c0;
T_14 ;
    %wait E_00000000027047f0;
    %load/vec4 v00000000027555d0_0;
    %parti/s 1, 1, 2;
    %load/vec4 v0000000002755670_0;
    %pad/u 32;
    %pushi/vec4 1, 0, 32;
    %cmp/e;
    %flag_get/vec4 4;
    %and;
    %flag_set/vec4 8;
    %jmp/0xz  T_14.0, 8;
    %pushi/vec4 1, 0, 1;
    %store/vec4 v0000000002755ad0_0, 0, 1;
    %jmp T_14.1;
T_14.0 ;
    %pushi/vec4 0, 0, 1;
    %store/vec4 v0000000002755ad0_0, 0, 1;
T_14.1 ;
    %jmp T_14;
    .thread T_14;
    .scope S_00000000010c75c0;
T_15 ;
    %wait E_0000000002704770;
    %pushi/vec4 0, 0, 32;
    %load/vec4 v0000000002755670_0;
    %pad/u 32;
    %cmp/u;
    %jmp/0xz  T_15.0, 5;
    %pushi/vec4 1, 0, 1;
    %store/vec4 v0000000002756250_0, 0, 1;
    %jmp T_15.1;
T_15.0 ;
    %pushi/vec4 0, 0, 1;
    %store/vec4 v0000000002756250_0, 0, 1;
T_15.1 ;
    %jmp T_15;
    .thread T_15, $push;
    .scope S_00000000026caf10;
T_16 ;
    %delay 10, 0;
    %load/vec4 v000000000277b330_0;
    %inv;
    %store/vec4 v000000000277b330_0, 0, 1;
    %jmp T_16;
    .thread T_16;
    .scope S_00000000026caf10;
T_17 ;
    %vpi_call 2 14 "$dumpfile", "processor.vcd" {0 0 0};
    %vpi_call 2 15 "$dumpvars", 32'sb00000000000000000000000000000000, S_00000000026caf10 {0 0 0};
    %pushi/vec4 0, 0, 1;
    %store/vec4 v000000000277b330_0, 0, 1;
    %pushi/vec4 0, 0, 1;
    %store/vec4 v000000000277a6b0_0, 0, 1;
    %delay 5, 0;
    %pushi/vec4 1, 0, 1;
    %store/vec4 v000000000277a6b0_0, 0, 1;
    %delay 20, 0;
    %pushi/vec4 0, 0, 1;
    %store/vec4 v000000000277a6b0_0, 0, 1;
    %delay 200, 0;
    %vpi_call 2 22 "$finish" {0 0 0};
    %end;
    .thread T_17;
# The file index is used to find the file name in the following table.
:file_names 10;
    "N/A";
    "<interactive>";
    ".\Testbench.v";
    "./Processor.v";
    "./FetchUnit/DataControlUnit.v";
    "./FunctionalUnit/GaussControlUnit.v";
    "./FetchUnit/DataMemory.v";
    "./FetchUnit/Dispatcher.v";
    "./FetchUnit/DataFetch.v";
    "./FunctionalUnit/Gauss.v";
