#! c:/iverilog-x64/bin/vvp
:ivl_version "10.1 (stable)" "(v10_1_1)";
:ivl_delay_selection "TYPICAL";
:vpi_time_precision - 10;
:vpi_module "system";
:vpi_module "vhdl_sys";
:vpi_module "v2005_math";
:vpi_module "va_math";
S_0000000000858780 .scope module, "Testbench" "Testbench" 2 5;
 .timescale -9 -10;
L_0000000002908230 .functor NOT 1, v00000000008c9d60_0, C4<0>, C4<0>, C4<0>;
L_00000000028c01a8 .functor BUFT 1, C4<0>, C4<0>, C4<0>, C4<0>;
v000000000086e1f0_0 .net/2s *"_s7", 0 0, L_00000000028c01a8;  1 drivers
v00000000008c9d60_0 .var "clk", 0 0;
v00000000008c9860_0 .net "ctrlword", 2 0, L_0000000000871380;  1 drivers
v00000000008cb020_0 .var "data", 15 0;
v00000000008ca620_0 .net "done", 0 0, L_00000000008c94a0;  1 drivers
v00000000008ca580_0 .net "prediction", 0 0, L_00000000008c9680;  1 drivers
v00000000008c95e0_0 .var "preset", 0 0;
v00000000008c9a40_0 .net "result", 15 0, L_0000000000871a10;  1 drivers
v00000000008c9360_0 .net "status", 1 0, L_00000000008c9c20;  1 drivers
L_00000000008c9c20 .concat8 [ 1 1 0 0], v000000000086e150_0, L_00000000028c01a8;
S_0000000000858900 .scope module, "ctrl_unit" "GaussControlUnit" 2 15, 3 4 0, S_0000000000858780;
 .timescale 0 0;
    .port_info 0 /INPUT 2 "status"
    .port_info 1 /OUTPUT 3 "ctrlword"
    .port_info 2 /INPUT 1 "preset"
    .port_info 3 /INPUT 1 "clk"
L_00000000008719a0 .functor NOT 1, L_00000000008cad00, C4<0>, C4<0>, C4<0>;
L_00000000008714d0 .functor NOT 1, L_00000000008ca1c0, C4<0>, C4<0>, C4<0>;
L_0000000000871930 .functor OR 1, L_00000000008719a0, L_00000000008714d0, C4<0>, C4<0>;
L_0000000000871460 .functor AND 1, L_00000000008ca080, L_0000000000871930, C4<1>, C4<1>;
L_0000000000871540 .functor NOT 1, L_00000000008c9400, C4<0>, C4<0>, C4<0>;
L_00000000008713f0 .functor AND 1, L_00000000008c9180, L_0000000000871540, C4<1>, C4<1>;
L_0000000000871690 .functor OR 1, L_0000000000871460, L_00000000008713f0, C4<0>, C4<0>;
L_00000000008717e0 .functor AND 1, L_00000000008cabc0, L_00000000008ca8a0, C4<1>, C4<1>;
L_0000000000871770 .functor AND 1, L_00000000008c92c0, L_00000000008ca6c0, C4<1>, C4<1>;
L_0000000000871850 .functor OR 1, L_00000000008717e0, L_0000000000871770, C4<0>, C4<0>;
L_0000000000871a80 .functor AND 1, L_00000000008ca800, L_0000000000871850, C4<1>, C4<1>;
L_00000000008718c0 .functor AND 1, L_00000000008c9f40, L_00000000008c97c0, C4<1>, C4<1>;
L_0000000000871380 .functor BUFZ 3, v000000000086d6b0_0, C4<000>, C4<000>, C4<000>;
v000000000086cf30_0 .net *"_s10", 0 0, L_00000000008714d0;  1 drivers
v000000000086cfd0_0 .net *"_s12", 0 0, L_0000000000871930;  1 drivers
v000000000086e8d0_0 .net *"_s14", 0 0, L_0000000000871460;  1 drivers
v000000000086dd90_0 .net *"_s17", 0 0, L_00000000008c9180;  1 drivers
v000000000086d610_0 .net *"_s19", 0 0, L_00000000008c9400;  1 drivers
v000000000086dcf0_0 .net *"_s20", 0 0, L_0000000000871540;  1 drivers
v000000000086e010_0 .net *"_s22", 0 0, L_00000000008713f0;  1 drivers
v000000000086dbb0_0 .net *"_s24", 0 0, L_0000000000871690;  1 drivers
v000000000086dc50_0 .net *"_s29", 0 0, L_00000000008ca800;  1 drivers
v000000000086db10_0 .net *"_s3", 0 0, L_00000000008ca080;  1 drivers
v000000000086d2f0_0 .net *"_s31", 0 0, L_00000000008cabc0;  1 drivers
v000000000086de30_0 .net *"_s33", 0 0, L_00000000008ca8a0;  1 drivers
v000000000086cb70_0 .net *"_s34", 0 0, L_00000000008717e0;  1 drivers
v000000000086d110_0 .net *"_s37", 0 0, L_00000000008c92c0;  1 drivers
v000000000086e290_0 .net *"_s39", 0 0, L_00000000008ca6c0;  1 drivers
v000000000086cc10_0 .net *"_s40", 0 0, L_0000000000871770;  1 drivers
v000000000086e830_0 .net *"_s42", 0 0, L_0000000000871850;  1 drivers
v000000000086e6f0_0 .net *"_s44", 0 0, L_0000000000871a80;  1 drivers
v000000000086ded0_0 .net *"_s5", 0 0, L_00000000008cad00;  1 drivers
v000000000086cdf0_0 .net *"_s50", 0 0, L_00000000008c9f40;  1 drivers
v000000000086d390_0 .net *"_s52", 0 0, L_00000000008c97c0;  1 drivers
v000000000086ccb0_0 .net *"_s53", 0 0, L_00000000008718c0;  1 drivers
v000000000086e470_0 .net *"_s6", 0 0, L_00000000008719a0;  1 drivers
v000000000086df70_0 .net *"_s9", 0 0, L_00000000008ca1c0;  1 drivers
v000000000086cd50_0 .net "clk", 0 0, v00000000008c9d60_0;  1 drivers
v000000000086d430_0 .net "ctrlword", 2 0, L_0000000000871380;  alias, 1 drivers
v000000000086e330_0 .net "nextstate", 2 0, L_00000000008c9220;  1 drivers
v000000000086d070_0 .net "preset", 0 0, v00000000008c95e0_0;  1 drivers
v000000000086d6b0_0 .var "state", 2 0;
v000000000086d750_0 .net "status", 1 0, L_00000000008c9c20;  alias, 1 drivers
E_000000000086b3b0 .event posedge, v000000000086cd50_0;
L_00000000008ca080 .part v000000000086d6b0_0, 0, 1;
L_00000000008cad00 .part L_00000000008c9c20, 0, 1;
L_00000000008ca1c0 .part L_00000000008c9c20, 1, 1;
L_00000000008c9180 .part v000000000086d6b0_0, 2, 1;
L_00000000008c9400 .part L_00000000008c9c20, 0, 1;
L_00000000008ca800 .part L_00000000008c9c20, 1, 1;
L_00000000008cabc0 .part v000000000086d6b0_0, 0, 1;
L_00000000008ca8a0 .part L_00000000008c9c20, 0, 1;
L_00000000008c92c0 .part v000000000086d6b0_0, 2, 1;
L_00000000008ca6c0 .part L_00000000008c9c20, 0, 1;
L_00000000008c9220 .concat8 [ 1 1 1 0], L_0000000000871690, L_0000000000871a80, L_00000000008718c0;
L_00000000008c9f40 .part L_00000000008c9c20, 1, 1;
L_00000000008c97c0 .part v000000000086d6b0_0, 1, 1;
S_00000000008c8fb0 .scope module, "gauss_unit" "Gauss" 2 16, 4 8 0, S_0000000000858780;
 .timescale 0 0;
    .port_info 0 /INPUT 3 "ctrlword"
    .port_info 1 /INPUT 16 "data"
    .port_info 2 /OUTPUT 1 "status"
    .port_info 3 /OUTPUT 16 "result"
    .port_info 4 /OUTPUT 1 "prediction"
    .port_info 5 /OUTPUT 1 "done"
    .port_info 6 /INPUT 1 "clk"
P_000000000086acb0 .param/l "width" 0 4 19, +C4<00000000000000000000000000010000>;
L_0000000000871a10 .functor BUFZ 16, v000000000086e510_0, C4<0000000000000000>, C4<0000000000000000>, C4<0000000000000000>;
v000000000086e3d0_0 .net *"_s10", 0 0, L_00000000008c9b80;  1 drivers
L_00000000028c0118 .functor BUFT 1, C4<01>, C4<0>, C4<0>, C4<0>;
v000000000086ce90_0 .net/2s *"_s12", 1 0, L_00000000028c0118;  1 drivers
L_00000000028c0160 .functor BUFT 1, C4<00>, C4<0>, C4<0>, C4<0>;
v000000000086e0b0_0 .net/2s *"_s14", 1 0, L_00000000028c0160;  1 drivers
v000000000086e790_0 .net *"_s16", 1 0, L_00000000008ca3a0;  1 drivers
v000000000086d930_0 .net *"_s4", 31 0, L_00000000008c9540;  1 drivers
L_00000000028c0088 .functor BUFT 1, C4<0000000000000000>, C4<0>, C4<0>, C4<0>;
v000000000086d1b0_0 .net *"_s7", 15 0, L_00000000028c0088;  1 drivers
L_00000000028c00d0 .functor BUFT 1, C4<00000000000000000000000000000001>, C4<0>, C4<0>, C4<0>;
v000000000086d7f0_0 .net/2u *"_s8", 31 0, L_00000000028c00d0;  1 drivers
v000000000086e510_0 .var "acum", 15 0;
v000000000086d570_0 .net "clk", 0 0, L_0000000002908230;  1 drivers
v000000000086d250_0 .net "ctrlword", 2 0, L_0000000000871380;  alias, 1 drivers
v000000000086d890_0 .net "data", 15 0, v00000000008cb020_0;  1 drivers
v000000000086d9d0_0 .net "done", 0 0, L_00000000008c94a0;  alias, 1 drivers
v000000000086e5b0_0 .var "n", 15 0;
v000000000086d4d0_0 .net "prediction", 0 0, L_00000000008c9680;  alias, 1 drivers
v000000000086da70_0 .net "result", 15 0, L_0000000000871a10;  alias, 1 drivers
v000000000086e150_0 .var "status", 0 0;
E_000000000086adb0 .event edge, v000000000086e5b0_0;
E_000000000086b430 .event posedge, v000000000086d570_0;
L_00000000008c94a0 .reduce/nor v000000000086e5b0_0;
L_00000000008c9540 .concat [ 16 16 0 0], v000000000086e5b0_0, L_00000000028c0088;
L_00000000008c9b80 .cmp/eq 32, L_00000000008c9540, L_00000000028c00d0;
L_00000000008ca3a0 .functor MUXZ 2, L_00000000028c0160, L_00000000028c0118, L_00000000008c9b80, C4<>;
L_00000000008c9680 .part L_00000000008ca3a0, 0, 1;
    .scope S_0000000000858900;
T_0 ;
    %wait E_000000000086b3b0;
    %load/vec4 v000000000086d070_0;
    %flag_set/vec4 8;
    %jmp/0xz  T_0.0, 8;
    %pushi/vec4 1, 0, 3;
    %assign/vec4 v000000000086d6b0_0, 0;
    %jmp T_0.1;
T_0.0 ;
    %load/vec4 v000000000086e330_0;
    %assign/vec4 v000000000086d6b0_0, 0;
T_0.1 ;
    %jmp T_0;
    .thread T_0;
    .scope S_00000000008c8fb0;
T_1 ;
    %wait E_000000000086b430;
    %load/vec4 v000000000086d250_0;
    %dup/vec4;
    %pushi/vec4 1, 0, 3;
    %cmp/u;
    %jmp/1 T_1.0, 6;
    %dup/vec4;
    %pushi/vec4 2, 0, 3;
    %cmp/u;
    %jmp/1 T_1.1, 6;
    %dup/vec4;
    %pushi/vec4 4, 0, 3;
    %cmp/u;
    %jmp/1 T_1.2, 6;
    %jmp T_1.3;
T_1.0 ;
    %load/vec4 v000000000086d890_0;
    %assign/vec4 v000000000086e5b0_0, 0;
    %pushi/vec4 0, 0, 16;
    %assign/vec4 v000000000086e510_0, 0;
    %jmp T_1.3;
T_1.1 ;
    %load/vec4 v000000000086e510_0;
    %load/vec4 v000000000086e5b0_0;
    %add;
    %assign/vec4 v000000000086e510_0, 0;
    %jmp T_1.3;
T_1.2 ;
    %load/vec4 v000000000086e5b0_0;
    %subi 1, 0, 16;
    %assign/vec4 v000000000086e5b0_0, 0;
    %jmp T_1.3;
T_1.3 ;
    %pop/vec4 1;
    %jmp T_1;
    .thread T_1;
    .scope S_00000000008c8fb0;
T_2 ;
    %wait E_000000000086adb0;
    %pushi/vec4 0, 0, 32;
    %load/vec4 v000000000086e5b0_0;
    %pad/u 32;
    %cmp/u;
    %jmp/0xz  T_2.0, 5;
    %pushi/vec4 1, 0, 1;
    %store/vec4 v000000000086e150_0, 0, 1;
    %jmp T_2.1;
T_2.0 ;
    %pushi/vec4 0, 0, 1;
    %store/vec4 v000000000086e150_0, 0, 1;
T_2.1 ;
    %jmp T_2;
    .thread T_2, $push;
    .scope S_0000000000858780;
T_3 ;
    %delay 10, 0;
    %load/vec4 v00000000008c9d60_0;
    %inv;
    %store/vec4 v00000000008c9d60_0, 0, 1;
    %jmp T_3;
    .thread T_3;
    .scope S_0000000000858780;
T_4 ;
    %vpi_call 2 23 "$dumpfile", "gauss.vcd" {0 0 0};
    %vpi_call 2 24 "$dumpvars", 32'sb00000000000000000000000000000000, S_0000000000858780 {0 0 0};
    %pushi/vec4 1, 0, 16;
    %store/vec4 v00000000008cb020_0, 0, 16;
    %pushi/vec4 0, 0, 1;
    %store/vec4 v00000000008c9d60_0, 0, 1;
    %pushi/vec4 1, 0, 1;
    %store/vec4 v00000000008c95e0_0, 0, 1;
    %delay 25, 0;
    %pushi/vec4 0, 0, 1;
    %store/vec4 v00000000008c95e0_0, 0, 1;
    %delay 100, 0;
    %vpi_call 2 32 "$finish" {0 0 0};
    %end;
    .thread T_4;
# The file index is used to find the file name in the following table.
:file_names 5;
    "N/A";
    "<interactive>";
    ".\Testbench.v";
    "./GaussControlUnit.v";
    "./Gauss.v";
